<?xml version="1.0" encoding="UTF-8"?>
<!-- Generated by org.testng.reporters.JUnitXMLReporter -->
<testsuite hostname="fourme-PC" ignored="0" name="chrometest" tests="1" failures="0" timestamp="24 一月 2017 03:31:55 GMT" time="0.046" errors="0">
  <testcase name="@BeforeMethod BeforeMethod" time="0.0" classname="com.cases.TestBase">
    <failure type="java.lang.IllegalStateException" message="The driver executable does not exist: E:\workspace\BoxTest\browsers\chromedriver.exe">
      <![CDATA[java.lang.IllegalStateException: The driver executable does not exist: E:\workspace\BoxTest\browsers\chromedriver.exe
	at com.google.common.base.Preconditions.checkState(Preconditions.java:199)
	at org.openqa.selenium.remote.service.DriverService.checkExecutable(DriverService.java:121)
	at org.openqa.selenium.remote.service.DriverService.findExecutable(DriverService.java:116)
	at org.openqa.selenium.chrome.ChromeDriverService.access$000(ChromeDriverService.java:32)
	at org.openqa.selenium.chrome.ChromeDriverService$Builder.findDefaultExecutable(ChromeDriverService.java:137)
	at org.openqa.selenium.remote.service.DriverService$Builder.build(DriverService.java:296)
	at org.openqa.selenium.chrome.ChromeDriverService.createDefaultService(ChromeDriverService.java:88)
	at org.openqa.selenium.chrome.ChromeDriver.<init>(ChromeDriver.java:120)
	at com.config.DriverManage.getDriver(DriverManage.java:34)
	at com.cases.TestBase.BeforeMethod(TestBase.java:46)
	at java.util.concurrent.FutureTask.run(Unknown Source)
	at java.util.concurrent.ThreadPoolExecutor.runWorker(Unknown Source)
	at java.util.concurrent.ThreadPoolExecutor$Worker.run(Unknown Source)
	at java.lang.Thread.run(Unknown Source)
... Removed 18 stack frames]]>
    </failure>
  </testcase> <!-- @BeforeMethod BeforeMethod -->
  <testcase name="@AfterMethod end" time="0.0" classname="com.cases.TestBase">
    <skipped/>
  </testcase> <!-- @AfterMethod end -->
  <testcase name="Box_Login_Page" time="0.0" classname="com.cases.Box_Login_case">
    <skipped/>
  </testcase> <!-- Box_Login_Page -->
</testsuite> <!-- chrometest -->
